

Processing HomeController#index (for 127.0.0.1 at 2010-10-04 18:39:47) [GET]

ActionController::UnknownAction (No action responded to index. Actions: welcome):
  

Rendering rescues/layout (not_found)


Processing HomeController#welcome (for 127.0.0.1 at 2010-10-04 18:40:06) [GET]

ActionView::MissingTemplate (Missing template home/welcome.erb in view path app/views):
  

Rendering rescues/layout (internal_server_error)


Processing HomeController#welcome (for 127.0.0.1 at 2010-10-04 18:40:34) [GET]
Rendering home/welcome
Completed in 12ms (View: 10, DB: 0) | 200 OK [http://localhost/]
  [4;36;1mSQL (0.4ms)[0m   [0;1m SELECT name
 FROM sqlite_master
 WHERE type = 'table' AND NOT name = 'sqlite_sequence'
[0m
  [4;35;1mSQL (15.8ms)[0m   [0mselect sqlite_version(*)[0m
  [4;36;1mSQL (18.0ms)[0m   [0;1mCREATE TABLE "schema_migrations" ("version" varchar(255) NOT NULL) [0m
  [4;35;1mSQL (0.6ms)[0m   [0mPRAGMA index_list("schema_migrations")[0m
  [4;36;1mSQL (2.8ms)[0m   [0;1mCREATE UNIQUE INDEX "unique_schema_migrations" ON "schema_migrations" ("version")[0m
  [4;35;1mSQL (0.3ms)[0m   [0m SELECT name
 FROM sqlite_master
 WHERE type = 'table' AND NOT name = 'sqlite_sequence'
[0m
  [4;36;1mSQL (0.1ms)[0m   [0;1mSELECT version FROM schema_migrations[0m
Migrating to CreateBookmarklets (20101004174324)
  [4;35;1mSQL (1.3ms)[0m   [0mCREATE TABLE "bookmarklets" ("id" INTEGER PRIMARY KEY AUTOINCREMENT NOT NULL, "name" varchar(255), "code" text, "created_at" datetime, "updated_at" datetime) [0m
  [4;36;1mSQL (0.2ms)[0m   [0;1mINSERT INTO schema_migrations (version) VALUES ('20101004174324')[0m
  [4;35;1mSQL (0.3ms)[0m   [0m SELECT name
 FROM sqlite_master
 WHERE type = 'table' AND NOT name = 'sqlite_sequence'
[0m
  [4;36;1mSQL (0.1ms)[0m   [0;1mSELECT version FROM schema_migrations[0m
  [4;35;1mSQL (0.2ms)[0m   [0m SELECT name
 FROM sqlite_master
 WHERE type = 'table' AND NOT name = 'sqlite_sequence'
[0m
  [4;36;1mSQL (0.1ms)[0m   [0;1mPRAGMA index_list("bookmarklets")[0m


Processing HomeController#welcome (for 127.0.0.1 at 2010-10-04 18:50:12) [GET]
Rendering home/welcome
Rendered bookmarklets/_form (99.5ms)
Completed in 122ms (View: 116, DB: 0) | 200 OK [http://localhost/]


Processing HomeController#welcome (for 127.0.0.1 at 2010-10-04 18:52:35) [GET]
Rendering home/welcome

ActionView::TemplateError (undefined method `semantic_remote_form_for' for #<ActionView::Base:0x23f215c>) on line #1 of app/views/bookmarklets/_remote_form.html.haml:
1: -semantic_remote_form_for @bookmarklet, :url => url_for(:controller => :bookmarklets, :action => :generate), :method => :post do |form|
2:   -form.inputs
3:   -form.buttons

    app/views/bookmarklets/_remote_form.html.haml:1:in `_run_haml_app47views47bookmarklets47_remote_form46html46haml_locals_object_remote_form'
    haml (3.0.17) rails/./lib/haml/helpers/action_view_mods.rb:11:in `render'
    haml (3.0.17) lib/haml/helpers.rb:90:in `non_haml'
    haml (3.0.17) rails/./lib/haml/helpers/action_view_mods.rb:11:in `render'
    app/views/home/welcome.html.haml:3:in `_run_haml_app47views47home47welcome46html46haml'
    haml (3.0.17) rails/./lib/haml/helpers/action_view_mods.rb:13:in `render'
    haml (3.0.17) rails/./lib/sass/plugin/rack.rb:41:in `call'

Rendered rescues/_trace (158.0ms)
Rendered rescues/_request_and_response (34.1ms)
Rendering rescues/layout (internal_server_error)


Processing HomeController#welcome (for 127.0.0.1 at 2010-10-04 18:53:06) [GET]
Rendering home/welcome
Rendered bookmarklets/_remote_form (8.7ms)
Completed in 31ms (View: 25, DB: 0) | 200 OK [http://localhost/]


Processing HomeController#welcome (for 127.0.0.1 at 2010-10-04 18:53:37) [GET]
Rendering home/welcome
Rendered bookmarklets/_remote_form (9.5ms)
Completed in 22ms (View: 16, DB: 0) | 200 OK [http://localhost/]


Processing HomeController#welcome (for 127.0.0.1 at 2010-10-04 18:53:50) [GET]
Rendering home/welcome
Rendered bookmarklets/_remote_form (7.9ms)
Completed in 22ms (View: 16, DB: 0) | 200 OK [http://localhost/]


Processing ApplicationController#generate (for 127.0.0.1 at 2010-10-04 18:53:59) [POST]
  Parameters: {"commit"=>"Create Bookmarklet", "authenticity_token"=>"HnlavnHpQyJ1ksihy34M7E2zizZ+Bd0aGih6zdHeDd0=", "bookmarklet"=>{"name"=>"Hello", "code"=>"Agiajsd"}}

SyntaxError (/Users/matkins/Rails/bookmarklet/app/controllers/bookmarklets_controller.rb:54: syntax error, unexpected kEND, expecting $end):
  haml (3.0.17) rails/./lib/sass/plugin/rack.rb:41:in `call'

Rendered rescues/_trace (132.7ms)
Rendered rescues/_request_and_response (2.2ms)
Rendering rescues/layout (internal_server_error)


Processing BookmarkletsController#generate (for 127.0.0.1 at 2010-10-04 18:54:20) [POST]
  Parameters: {"commit"=>"Create Bookmarklet", "authenticity_token"=>"HnlavnHpQyJ1ksihy34M7E2zizZ+Bd0aGih6zdHeDd0=", "bookmarklet"=>{"name"=>"Hello", "code"=>"Agiajsd"}}

ActionView::TemplateError (undefined method `name' for nil:NilClass) on line #1 of app/views/bookmarklets/_bookmarklet.html.haml:
1: #bookmarklet=link_to(bookmarklet.name, bookmarklet.code)

    app/views/bookmarklets/_bookmarklet.html.haml:1:in `_run_haml_app47views47bookmarklets47_bookmarklet46html46haml_locals_bookmarklet_object'
    haml (3.0.17) rails/./lib/haml/helpers/action_view_mods.rb:13:in `render'
    app/controllers/bookmarklets_controller.rb:5:in `__instance_exec0'
    app/controllers/bookmarklets_controller.rb:3:in `generate'
    haml (3.0.17) rails/./lib/sass/plugin/rack.rb:41:in `call'

Rendered rescues/_trace (64.1ms)
Rendered rescues/_request_and_response (0.5ms)
Rendering rescues/layout (internal_server_error)


Processing BookmarkletsController#generate (for 127.0.0.1 at 2010-10-04 18:54:53) [POST]
  Parameters: {"commit"=>"Create Bookmarklet", "authenticity_token"=>"HnlavnHpQyJ1ksihy34M7E2zizZ+Bd0aGih6zdHeDd0=", "bookmarklet"=>{"name"=>"Hello", "code"=>"Agiajsd"}}
Rendered bookmarklets/_bookmarklet (0.3ms)
Completed in 10ms (View: 8, DB: 0) | 200 OK [http://localhost/bookmarklets/generate]


Processing HomeController#welcome (for 127.0.0.1 at 2010-10-04 18:55:55) [GET]
Rendering home/welcome
Rendered bookmarklets/_remote_form (8.3ms)
Completed in 16ms (View: 10, DB: 0) | 200 OK [http://localhost/]


Processing BookmarkletsController#generate (for 127.0.0.1 at 2010-10-04 18:56:00) [POST]
  Parameters: {"commit"=>"Create Bookmarklet", "authenticity_token"=>"HnlavnHpQyJ1ksihy34M7E2zizZ+Bd0aGih6zdHeDd0=", "bookmarklet"=>{"name"=>"ads", "code"=>"adsads"}}
Rendered bookmarklets/_bookmarklet (0.3ms)
Completed in 10ms (View: 7, DB: 0) | 200 OK [http://localhost/bookmarklets/generate]


Processing HomeController#welcome (for 127.0.0.1 at 2010-10-04 18:57:03) [GET]
Rendering home/welcome
Rendered bookmarklets/_remote_form (9.5ms)
Completed in 28ms (View: 21, DB: 0) | 200 OK [http://localhost/]


Processing HomeController#welcome (for 127.0.0.1 at 2010-10-04 19:00:46) [GET]
Rendering home/welcome
Rendered bookmarklets/_remote_form (11.8ms)
Completed in 24ms (View: 18, DB: 0) | 200 OK [http://localhost/]


Processing HomeController#welcome (for 127.0.0.1 at 2010-10-04 19:00:47) [GET]
Rendering home/welcome
Rendered bookmarklets/_remote_form (8.1ms)
Completed in 16ms (View: 10, DB: 0) | 200 OK [http://localhost/]


Processing BookmarkletsController#show (for 127.0.0.1 at 2010-10-04 19:05:51) [GET]
  Parameters: {"id"=>"generate"}
  [4;36;1mBookmarklet Load (0.2ms)[0m   [0;1mSELECT * FROM "bookmarklets" WHERE ("bookmarklets"."id" = 0) [0m

ActiveRecord::RecordNotFound (Couldn't find Bookmarklet with ID=generate):
  app/controllers/bookmarklets_controller.rb:16:in `show'
  haml (3.0.17) rails/./lib/sass/plugin/rack.rb:41:in `call'

Rendered rescues/_trace (39.7ms)
Rendered rescues/_request_and_response (0.5ms)
Rendering rescues/layout (not_found)


Processing HomeController#welcome (for 127.0.0.1 at 2010-10-04 19:07:10) [GET]
Rendering home/welcome
Rendered bookmarklets/_remote_form (9.4ms)
Completed in 20ms (View: 15, DB: 0) | 200 OK [http://localhost/]


Processing BookmarkletsController#create (for 127.0.0.1 at 2010-10-04 19:07:22) [POST]
  Parameters: {"commit"=>"Create Bookmarklet", "authenticity_token"=>"HnlavnHpQyJ1ksihy34M7E2zizZ+Bd0aGih6zdHeDd0=", "bookmarklet"=>{"name"=>"ansd", "code"=>"asdadsdsaadsads"}}
Rendered bookmarklets/_bookmarklet (0.3ms)
Completed in 10ms (View: 2, DB: 0) | 200 OK [http://localhost/bookmarklets]


Processing BookmarkletsController#create (for 127.0.0.1 at 2010-10-04 19:09:35) [POST]
  Parameters: {"commit"=>"Create Bookmarklet", "authenticity_token"=>"HnlavnHpQyJ1ksihy34M7E2zizZ+Bd0aGih6zdHeDd0=", "bookmarklet"=>{"name"=>"ansd", "code"=>"asdadsdsaadsads"}}
Rendered bookmarklets/_bookmarklet (1.2ms)
Completed in 20ms (View: 12, DB: 0) | 200 OK [http://localhost/bookmarklets]


Processing HomeController#welcome (for 127.0.0.1 at 2010-10-04 19:09:38) [GET]
Rendering template within layouts/application
Rendering home/welcome
Rendered bookmarklets/_remote_form (9.8ms)
Completed in 37ms (View: 30, DB: 0) | 200 OK [http://localhost/]


Processing BookmarkletsController#create (for 127.0.0.1 at 2010-10-04 19:09:46) [POST]
  Parameters: {"commit"=>"Create Bookmarklet", "authenticity_token"=>"HnlavnHpQyJ1ksihy34M7E2zizZ+Bd0aGih6zdHeDd0=", "bookmarklet"=>{"name"=>"asdasd", "code"=>"asdadadsads"}, "_"=>""}
Rendered bookmarklets/_bookmarklet (0.2ms)
Completed in 9ms (View: 2, DB: 0) | 200 OK [http://localhost/bookmarklets]


Processing ApplicationController#index (for 127.0.0.1 at 2010-10-04 19:09:50) [GET]

ActionController::RoutingError (No route matches "/asdadadsads" with {:method=>:get}):
  haml (3.0.17) rails/./lib/sass/plugin/rack.rb:41:in `call'

Rendering rescues/layout (not_found)


Processing HomeController#welcome (for 127.0.0.1 at 2010-10-04 19:10:22) [GET]
Rendering template within layouts/application
Rendering home/welcome
Rendered bookmarklets/_remote_form (8.7ms)
Completed in 38ms (View: 31, DB: 0) | 200 OK [http://localhost/]


Processing BookmarkletsController#generate (for 127.0.0.1 at 2010-10-04 19:10:57) [POST]
  Parameters: {"commit"=>"Create Bookmarklet", "authenticity_token"=>"HnlavnHpQyJ1ksihy34M7E2zizZ+Bd0aGih6zdHeDd0=", "bookmarklet"=>{"name"=>"Alert!", "code"=>"javascript:alert(\"Hello world!\");"}, "_"=>""}
Rendered bookmarklets/_bookmarklet (1.2ms)
Completed in 15ms (View: 13, DB: 0) | 200 OK [http://localhost/bookmarklets/generate]
